app/build/intermediates/manifest_merge_blame_file/debug/manifest-merger-blame-debug-report.txt
1<?xml version="1.0" encoding="utf-8"?>
2<manifest xmlns:android="http://schemas.android.com/apk/res/android"
3    package="com.supershadoe.onpa"
4    android:versionCode="2"
5    android:versionName="test-20" >
6
7    <uses-sdk
8        android:minSdkVersion="21"
8-->src/main/AndroidManifest.xml
9        android:targetSdkVersion="29" />
9-->src/main/AndroidManifest.xml
10
11    <uses-permission android:name="android.permission.INTERNET" />
11-->src/main/AndroidManifest.xml:6:5-67
11-->src/main/AndroidManifest.xml:6:22-64
12    <uses-permission android:name="android.permission.MEDIA_CONTENT_CONTROL" />
12-->src/main/AndroidManifest.xml:7:5-9:47
12-->src/main/AndroidManifest.xml:8:9-64
13    <uses-permission android:name="android.permission.RECORD_AUDIO" />
13-->src/main/AndroidManifest.xml:10:5-71
13-->src/main/AndroidManifest.xml:10:22-68
14    <uses-permission android:name="android.permission.WAKE_LOCK" />
14-->src/main/AndroidManifest.xml:11:5-68
14-->src/main/AndroidManifest.xml:11:22-65
15
16    <application
16-->src/main/AndroidManifest.xml:13:5-36:19
17        android:allowBackup="true"
17-->src/main/AndroidManifest.xml:14:9-35
18        android:appComponentFactory="androidx.core.app.CoreComponentFactory"
18-->[androidx.core:core:1.2.0] AndroidManifest.xml:24:18-86
19        android:debuggable="true"
20        android:icon="@mipmap/ic_launcher"
20-->src/main/AndroidManifest.xml:15:9-43
21        android:label="@string/app_name"
21-->src/main/AndroidManifest.xml:16:9-41
22        android:roundIcon="@mipmap/ic_launcher_round"
22-->src/main/AndroidManifest.xml:17:9-54
23        android:supportsRtl="true"
23-->src/main/AndroidManifest.xml:18:9-35
24        android:testOnly="true"
25        android:theme="@style/AppTheme" >
25-->src/main/AndroidManifest.xml:19:9-40
26        <activity
26-->src/main/AndroidManifest.xml:20:9-22:48
27            android:name="com.supershadoe.onpa.Settings"
27-->src/main/AndroidManifest.xml:21:13-37
28            android:label="@string/settings" />
28-->src/main/AndroidManifest.xml:22:13-45
29        <activity
29-->src/main/AndroidManifest.xml:23:9-25:44
30            android:name="com.supershadoe.onpa.Help"
30-->src/main/AndroidManifest.xml:24:13-33
31            android:label="@string/help" />
31-->src/main/AndroidManifest.xml:25:13-41
32        <activity
32-->src/main/AndroidManifest.xml:26:9-35:20
33            android:name="com.supershadoe.onpa.Onpa"
33-->src/main/AndroidManifest.xml:27:13-33
34            android:label="@string/app_name"
34-->src/main/AndroidManifest.xml:28:13-45
35            android:theme="@style/AppTheme.NoActionBar" >
35-->src/main/AndroidManifest.xml:29:13-56
36            <intent-filter>
36-->src/main/AndroidManifest.xml:30:13-34:29
37                <action android:name="android.intent.action.MAIN" />
37-->src/main/AndroidManifest.xml:31:17-69
37-->src/main/AndroidManifest.xml:31:25-66
38
39                <category android:name="android.intent.category.LAUNCHER" />
39-->src/main/AndroidManifest.xml:33:17-77
39-->src/main/AndroidManifest.xml:33:27-74
40            </intent-filter>
41        </activity>
42    </application>
43
44</manifest>